[2026-02-12T07:57:02.918+0000] {local_task_job_runner.py:123} INFO - ::group::Pre task execution logs
[2026-02-12T07:57:02.922+0000] {taskinstance.py:2614} INFO - Dependencies all met for dep_context=non-requeueable deps ti=<TaskInstance: linkedin_get_all_jobs.run_job scheduled__2026-02-11T12:00:00+00:00 [queued]>
[2026-02-12T07:57:02.925+0000] {taskinstance.py:2614} INFO - Dependencies all met for dep_context=requeueable deps ti=<TaskInstance: linkedin_get_all_jobs.run_job scheduled__2026-02-11T12:00:00+00:00 [queued]>
[2026-02-12T07:57:02.925+0000] {taskinstance.py:2867} INFO - Starting attempt 3 of 3
[2026-02-12T07:57:02.940+0000] {taskinstance.py:2890} INFO - Executing <Task(_PythonDecoratedOperator): run_job> on 2026-02-11 12:00:00+00:00
[2026-02-12T07:57:02.944+0000] {standard_task_runner.py:72} INFO - Started process 339371 to run task
[2026-02-12T07:57:02.946+0000] {standard_task_runner.py:104} INFO - Running: ['airflow', 'tasks', 'run', 'linkedin_get_all_jobs', 'run_job', 'scheduled__2026-02-11T12:00:00+00:00', '--job-id', '24', '--raw', '--subdir', 'DAGS_FOLDER/get_jobs_dag.py', '--cfg-path', '/tmp/tmpp4rouqo3']
[2026-02-12T07:57:02.946+0000] {standard_task_runner.py:105} INFO - Job 24: Subtask run_job
[2026-02-12T07:57:02.972+0000] {task_command.py:467} INFO - Running <TaskInstance: linkedin_get_all_jobs.run_job scheduled__2026-02-11T12:00:00+00:00 [running]> on host varmeta
[2026-02-12T07:57:03.003+0000] {taskinstance.py:3134} INFO - Exporting env vars: AIRFLOW_CTX_DAG_OWNER='airflow' AIRFLOW_CTX_DAG_ID='linkedin_get_all_jobs' AIRFLOW_CTX_TASK_ID='run_job' AIRFLOW_CTX_EXECUTION_DATE='2026-02-11T12:00:00+00:00' AIRFLOW_CTX_TRY_NUMBER='3' AIRFLOW_CTX_DAG_RUN_ID='scheduled__2026-02-11T12:00:00+00:00'
[2026-02-12T07:57:03.004+0000] {logging_mixin.py:190} INFO - Task instance is in running state
[2026-02-12T07:57:03.004+0000] {logging_mixin.py:190} INFO -  Previous state of the Task instance: queued
[2026-02-12T07:57:03.004+0000] {logging_mixin.py:190} INFO - Current task name:run_job state:running start_date:2026-02-12 07:57:02.922894+00:00
[2026-02-12T07:57:03.004+0000] {logging_mixin.py:190} INFO - Dag name:linkedin_get_all_jobs and current dag run status:running
[2026-02-12T07:57:03.004+0000] {taskinstance.py:732} INFO - ::endgroup::
[2026-02-12T07:57:03.008+0000] {taskinstance.py:3313} ERROR - Task failed with exception
Traceback (most recent call last):
  File "/home/quocnda/neuxo/airflow-neuxo/.venv/lib/python3.12/site-packages/airflow/models/taskinstance.py", line 768, in _execute_task
    result = _execute_callable(context=context, **execute_callable_kwargs)
             ^^^^^^^^^^^^^^^^^^^^^^^^^^^^^^^^^^^^^^^^^^^^^^^^^^^^^^^^^^^^^
  File "/home/quocnda/neuxo/airflow-neuxo/.venv/lib/python3.12/site-packages/airflow/models/taskinstance.py", line 734, in _execute_callable
    return ExecutionCallableRunner(
           ^^^^^^^^^^^^^^^^^^^^^^^^
  File "/home/quocnda/neuxo/airflow-neuxo/.venv/lib/python3.12/site-packages/airflow/utils/operator_helpers.py", line 252, in run
    return self.func(*args, **kwargs)
           ^^^^^^^^^^^^^^^^^^^^^^^^^^
  File "/home/quocnda/neuxo/airflow-neuxo/.venv/lib/python3.12/site-packages/airflow/models/baseoperator.py", line 424, in wrapper
    return func(self, *args, **kwargs)
           ^^^^^^^^^^^^^^^^^^^^^^^^^^^
  File "/home/quocnda/neuxo/airflow-neuxo/.venv/lib/python3.12/site-packages/airflow/decorators/base.py", line 266, in execute
    return_value = super().execute(context)
                   ^^^^^^^^^^^^^^^^^^^^^^^^
  File "/home/quocnda/neuxo/airflow-neuxo/.venv/lib/python3.12/site-packages/airflow/models/baseoperator.py", line 424, in wrapper
    return func(self, *args, **kwargs)
           ^^^^^^^^^^^^^^^^^^^^^^^^^^^
  File "/home/quocnda/neuxo/airflow-neuxo/.venv/lib/python3.12/site-packages/airflow/operators/python.py", line 238, in execute
    return_value = self.execute_callable()
                   ^^^^^^^^^^^^^^^^^^^^^^^
  File "/home/quocnda/neuxo/airflow-neuxo/.venv/lib/python3.12/site-packages/airflow/operators/python.py", line 256, in execute_callable
    return runner.run(*self.op_args, **self.op_kwargs)
           ^^^^^^^^^^^^^^^^^^^^^^^^^^^^^^^^^^^^^^^^^^^
  File "/home/quocnda/neuxo/airflow-neuxo/.venv/lib/python3.12/site-packages/airflow/utils/operator_helpers.py", line 252, in run
    return self.func(*args, **kwargs)
           ^^^^^^^^^^^^^^^^^^^^^^^^^^
  File "/home/quocnda/neuxo/airflow-neuxo/airflow/dags/get_jobs_dag.py", line 38, in run_job
    session = hook.get_session()
              ^^^^^^^^^^^^^^^^^^
  File "/home/quocnda/neuxo/airflow-neuxo/hook/sqlalchemyHook.py", line 31, in get_session
    engine = self.get_engine()
             ^^^^^^^^^^^^^^^^^
  File "/home/quocnda/neuxo/airflow-neuxo/hook/sqlalchemyHook.py", line 28, in get_engine
    return create_engine(url, pool_pre_ping=True)
           ^^^^^^^^^^^^^^^^^^^^^^^^^^^^^^^^^^^^^^
  File "<string>", line 2, in create_engine
  File "/home/quocnda/neuxo/airflow-neuxo/.venv/lib/python3.12/site-packages/sqlalchemy/util/deprecations.py", line 375, in warned
    return fn(*args, **kwargs)
           ^^^^^^^^^^^^^^^^^^^
  File "/home/quocnda/neuxo/airflow-neuxo/.venv/lib/python3.12/site-packages/sqlalchemy/engine/create.py", line 544, in create_engine
    dbapi = dialect_cls.dbapi(**dbapi_args)
            ^^^^^^^^^^^^^^^^^^^^^^^^^^^^^^^
  File "/home/quocnda/neuxo/airflow-neuxo/.venv/lib/python3.12/site-packages/sqlalchemy/dialects/mysql/pymysql.py", line 80, in dbapi
    return __import__("pymysql")
           ^^^^^^^^^^^^^^^^^^^^^
ModuleNotFoundError: No module named 'pymysql'
[2026-02-12T07:57:03.011+0000] {logging_mixin.py:190} INFO - Task instance in failure state
[2026-02-12T07:57:03.011+0000] {logging_mixin.py:190} INFO - Task start:2026-02-12 07:57:02.922894+00:00 end:2026-02-12 07:57:03.010917+00:00 duration:0.088023
[2026-02-12T07:57:03.011+0000] {logging_mixin.py:190} INFO - Task:<Task(_PythonDecoratedOperator): run_job> dag:<DAG: linkedin_get_all_jobs> dagrun:<DagRun linkedin_get_all_jobs @ 2026-02-11 12:00:00+00:00: scheduled__2026-02-11T12:00:00+00:00, state:running, queued_at: 2026-02-12 07:46:57.728458+00:00. externally triggered: False>
[2026-02-12T07:57:03.011+0000] {logging_mixin.py:190} INFO - Failure caused by No module named 'pymysql'
[2026-02-12T07:57:03.011+0000] {taskinstance.py:1226} INFO - Marking task as FAILED. dag_id=linkedin_get_all_jobs, task_id=run_job, run_id=scheduled__2026-02-11T12:00:00+00:00, execution_date=20260211T120000, start_date=20260212T075702, end_date=20260212T075703
[2026-02-12T07:57:03.036+0000] {taskinstance.py:341} INFO - ::group::Post task execution logs
[2026-02-12T07:57:03.036+0000] {standard_task_runner.py:124} ERROR - Failed to execute job 24 for task run_job (No module named 'pymysql'; 339371)
Traceback (most recent call last):
  File "/home/quocnda/neuxo/airflow-neuxo/.venv/lib/python3.12/site-packages/airflow/task/task_runner/standard_task_runner.py", line 117, in _start_by_fork
    ret = args.func(args, dag=self.dag)
          ^^^^^^^^^^^^^^^^^^^^^^^^^^^^^
  File "/home/quocnda/neuxo/airflow-neuxo/.venv/lib/python3.12/site-packages/airflow/cli/cli_config.py", line 49, in command
    return func(*args, **kwargs)
           ^^^^^^^^^^^^^^^^^^^^^
  File "/home/quocnda/neuxo/airflow-neuxo/.venv/lib/python3.12/site-packages/airflow/utils/cli.py", line 116, in wrapper
    return f(*args, **kwargs)
           ^^^^^^^^^^^^^^^^^^
  File "/home/quocnda/neuxo/airflow-neuxo/.venv/lib/python3.12/site-packages/airflow/cli/commands/task_command.py", line 483, in task_run
    task_return_code = _run_task_by_selected_method(args, _dag, ti)
                       ^^^^^^^^^^^^^^^^^^^^^^^^^^^^^^^^^^^^^^^^^^^^
  File "/home/quocnda/neuxo/airflow-neuxo/.venv/lib/python3.12/site-packages/airflow/cli/commands/task_command.py", line 256, in _run_task_by_selected_method
    return _run_raw_task(args, ti)
           ^^^^^^^^^^^^^^^^^^^^^^^
  File "/home/quocnda/neuxo/airflow-neuxo/.venv/lib/python3.12/site-packages/airflow/cli/commands/task_command.py", line 341, in _run_raw_task
    return ti._run_raw_task(
           ^^^^^^^^^^^^^^^^^
  File "/home/quocnda/neuxo/airflow-neuxo/.venv/lib/python3.12/site-packages/airflow/utils/session.py", line 97, in wrapper
    return func(*args, session=session, **kwargs)
           ^^^^^^^^^^^^^^^^^^^^^^^^^^^^^^^^^^^^^^
  File "/home/quocnda/neuxo/airflow-neuxo/.venv/lib/python3.12/site-packages/airflow/models/taskinstance.py", line 3006, in _run_raw_task
    return _run_raw_task(
           ^^^^^^^^^^^^^^
  File "/home/quocnda/neuxo/airflow-neuxo/.venv/lib/python3.12/site-packages/airflow/models/taskinstance.py", line 274, in _run_raw_task
    TaskInstance._execute_task_with_callbacks(
  File "/home/quocnda/neuxo/airflow-neuxo/.venv/lib/python3.12/site-packages/airflow/models/taskinstance.py", line 3161, in _execute_task_with_callbacks
    result = self._execute_task(context, task_orig)
             ^^^^^^^^^^^^^^^^^^^^^^^^^^^^^^^^^^^^^^
  File "/home/quocnda/neuxo/airflow-neuxo/.venv/lib/python3.12/site-packages/airflow/models/taskinstance.py", line 3185, in _execute_task
    return _execute_task(self, context, task_orig)
           ^^^^^^^^^^^^^^^^^^^^^^^^^^^^^^^^^^^^^^^
  File "/home/quocnda/neuxo/airflow-neuxo/.venv/lib/python3.12/site-packages/airflow/models/taskinstance.py", line 768, in _execute_task
    result = _execute_callable(context=context, **execute_callable_kwargs)
             ^^^^^^^^^^^^^^^^^^^^^^^^^^^^^^^^^^^^^^^^^^^^^^^^^^^^^^^^^^^^^
  File "/home/quocnda/neuxo/airflow-neuxo/.venv/lib/python3.12/site-packages/airflow/models/taskinstance.py", line 734, in _execute_callable
    return ExecutionCallableRunner(
           ^^^^^^^^^^^^^^^^^^^^^^^^
  File "/home/quocnda/neuxo/airflow-neuxo/.venv/lib/python3.12/site-packages/airflow/utils/operator_helpers.py", line 252, in run
    return self.func(*args, **kwargs)
           ^^^^^^^^^^^^^^^^^^^^^^^^^^
  File "/home/quocnda/neuxo/airflow-neuxo/.venv/lib/python3.12/site-packages/airflow/models/baseoperator.py", line 424, in wrapper
    return func(self, *args, **kwargs)
           ^^^^^^^^^^^^^^^^^^^^^^^^^^^
  File "/home/quocnda/neuxo/airflow-neuxo/.venv/lib/python3.12/site-packages/airflow/decorators/base.py", line 266, in execute
    return_value = super().execute(context)
                   ^^^^^^^^^^^^^^^^^^^^^^^^
  File "/home/quocnda/neuxo/airflow-neuxo/.venv/lib/python3.12/site-packages/airflow/models/baseoperator.py", line 424, in wrapper
    return func(self, *args, **kwargs)
           ^^^^^^^^^^^^^^^^^^^^^^^^^^^
  File "/home/quocnda/neuxo/airflow-neuxo/.venv/lib/python3.12/site-packages/airflow/operators/python.py", line 238, in execute
    return_value = self.execute_callable()
                   ^^^^^^^^^^^^^^^^^^^^^^^
  File "/home/quocnda/neuxo/airflow-neuxo/.venv/lib/python3.12/site-packages/airflow/operators/python.py", line 256, in execute_callable
    return runner.run(*self.op_args, **self.op_kwargs)
           ^^^^^^^^^^^^^^^^^^^^^^^^^^^^^^^^^^^^^^^^^^^
  File "/home/quocnda/neuxo/airflow-neuxo/.venv/lib/python3.12/site-packages/airflow/utils/operator_helpers.py", line 252, in run
    return self.func(*args, **kwargs)
           ^^^^^^^^^^^^^^^^^^^^^^^^^^
  File "/home/quocnda/neuxo/airflow-neuxo/airflow/dags/get_jobs_dag.py", line 38, in run_job
    session = hook.get_session()
              ^^^^^^^^^^^^^^^^^^
  File "/home/quocnda/neuxo/airflow-neuxo/hook/sqlalchemyHook.py", line 31, in get_session
    engine = self.get_engine()
             ^^^^^^^^^^^^^^^^^
  File "/home/quocnda/neuxo/airflow-neuxo/hook/sqlalchemyHook.py", line 28, in get_engine
    return create_engine(url, pool_pre_ping=True)
           ^^^^^^^^^^^^^^^^^^^^^^^^^^^^^^^^^^^^^^
  File "<string>", line 2, in create_engine
  File "/home/quocnda/neuxo/airflow-neuxo/.venv/lib/python3.12/site-packages/sqlalchemy/util/deprecations.py", line 375, in warned
    return fn(*args, **kwargs)
           ^^^^^^^^^^^^^^^^^^^
  File "/home/quocnda/neuxo/airflow-neuxo/.venv/lib/python3.12/site-packages/sqlalchemy/engine/create.py", line 544, in create_engine
    dbapi = dialect_cls.dbapi(**dbapi_args)
            ^^^^^^^^^^^^^^^^^^^^^^^^^^^^^^^
  File "/home/quocnda/neuxo/airflow-neuxo/.venv/lib/python3.12/site-packages/sqlalchemy/dialects/mysql/pymysql.py", line 80, in dbapi
    return __import__("pymysql")
           ^^^^^^^^^^^^^^^^^^^^^
ModuleNotFoundError: No module named 'pymysql'
[2026-02-12T07:57:03.042+0000] {local_task_job_runner.py:266} INFO - Task exited with return code 1
[2026-02-12T07:57:03.048+0000] {taskinstance.py:3901} INFO - 0 downstream tasks scheduled from follow-on schedule check
[2026-02-12T07:57:03.048+0000] {local_task_job_runner.py:245} INFO - ::endgroup::
