[2026-02-12T07:23:24.647+0000] {local_task_job_runner.py:123} INFO - ::group::Pre task execution logs
[2026-02-12T07:23:24.652+0000] {taskinstance.py:2614} INFO - Dependencies all met for dep_context=non-requeueable deps ti=<TaskInstance: count_1_to_100_every_10_minutes.count_numbers scheduled__2026-02-12T07:10:00+00:00 [queued]>
[2026-02-12T07:23:24.654+0000] {taskinstance.py:2614} INFO - Dependencies all met for dep_context=requeueable deps ti=<TaskInstance: count_1_to_100_every_10_minutes.count_numbers scheduled__2026-02-12T07:10:00+00:00 [queued]>
[2026-02-12T07:23:24.654+0000] {taskinstance.py:2867} INFO - Starting attempt 1 of 1
[2026-02-12T07:23:24.669+0000] {taskinstance.py:2890} INFO - Executing <Task(PythonOperator): count_numbers> on 2026-02-12 07:10:00+00:00
[2026-02-12T07:23:24.673+0000] {standard_task_runner.py:72} INFO - Started process 219820 to run task
[2026-02-12T07:23:24.675+0000] {standard_task_runner.py:104} INFO - Running: ['airflow', 'tasks', 'run', 'count_1_to_100_every_10_minutes', 'count_numbers', 'scheduled__2026-02-12T07:10:00+00:00', '--job-id', '11', '--raw', '--subdir', 'DAGS_FOLDER/count_1_to_100.py', '--cfg-path', '/tmp/tmpvpgc23yx']
[2026-02-12T07:23:24.675+0000] {standard_task_runner.py:105} INFO - Job 11: Subtask count_numbers
[2026-02-12T07:23:24.771+0000] {task_command.py:467} INFO - Running <TaskInstance: count_1_to_100_every_10_minutes.count_numbers scheduled__2026-02-12T07:10:00+00:00 [running]> on host varmeta
[2026-02-12T07:23:24.810+0000] {taskinstance.py:3134} INFO - Exporting env vars: AIRFLOW_CTX_DAG_OWNER='airflow' AIRFLOW_CTX_DAG_ID='count_1_to_100_every_10_minutes' AIRFLOW_CTX_TASK_ID='count_numbers' AIRFLOW_CTX_EXECUTION_DATE='2026-02-12T07:10:00+00:00' AIRFLOW_CTX_TRY_NUMBER='1' AIRFLOW_CTX_DAG_RUN_ID='scheduled__2026-02-12T07:10:00+00:00'
[2026-02-12T07:23:24.811+0000] {logging_mixin.py:190} INFO - Task instance is in running state
[2026-02-12T07:23:24.811+0000] {logging_mixin.py:190} INFO -  Previous state of the Task instance: queued
[2026-02-12T07:23:24.811+0000] {logging_mixin.py:190} INFO - Current task name:count_numbers state:running start_date:2026-02-12 07:23:24.652382+00:00
[2026-02-12T07:23:24.811+0000] {logging_mixin.py:190} INFO - Dag name:count_1_to_100_every_10_minutes and current dag run status:running
[2026-02-12T07:23:24.811+0000] {taskinstance.py:732} INFO - ::endgroup::
[2026-02-12T07:23:24.811+0000] {logging_mixin.py:190} INFO - Counting: 1
[2026-02-12T07:23:25.812+0000] {logging_mixin.py:190} INFO - Counting: 2
[2026-02-12T07:23:26.812+0000] {logging_mixin.py:190} INFO - Counting: 3
[2026-02-12T07:23:27.812+0000] {logging_mixin.py:190} INFO - Counting: 4
[2026-02-12T07:23:28.813+0000] {logging_mixin.py:190} INFO - Counting: 5
[2026-02-12T07:23:29.813+0000] {logging_mixin.py:190} INFO - Counting: 6
[2026-02-12T07:23:30.813+0000] {logging_mixin.py:190} INFO - Counting: 7
[2026-02-12T07:23:31.814+0000] {logging_mixin.py:190} INFO - Counting: 8
[2026-02-12T07:23:32.814+0000] {logging_mixin.py:190} INFO - Counting: 9
[2026-02-12T07:23:33.815+0000] {logging_mixin.py:190} INFO - Counting: 10
[2026-02-12T07:23:34.815+0000] {logging_mixin.py:190} INFO - Counting: 11
[2026-02-12T07:23:35.815+0000] {logging_mixin.py:190} INFO - Counting: 12
[2026-02-12T07:23:36.816+0000] {logging_mixin.py:190} INFO - Counting: 13
[2026-02-12T07:23:37.816+0000] {logging_mixin.py:190} INFO - Counting: 14
[2026-02-12T07:23:38.816+0000] {logging_mixin.py:190} INFO - Counting: 15
[2026-02-12T07:23:39.817+0000] {logging_mixin.py:190} INFO - Counting: 16
[2026-02-12T07:23:40.817+0000] {logging_mixin.py:190} INFO - Counting: 17
[2026-02-12T07:23:41.817+0000] {logging_mixin.py:190} INFO - Counting: 18
[2026-02-12T07:23:42.818+0000] {logging_mixin.py:190} INFO - Counting: 19
[2026-02-12T07:23:43.818+0000] {logging_mixin.py:190} INFO - Counting: 20
[2026-02-12T07:23:44.818+0000] {logging_mixin.py:190} INFO - Counting: 21
[2026-02-12T07:23:45.819+0000] {logging_mixin.py:190} INFO - Counting: 22
[2026-02-12T07:23:46.819+0000] {logging_mixin.py:190} INFO - Counting: 23
[2026-02-12T07:23:47.819+0000] {logging_mixin.py:190} INFO - Counting: 24
[2026-02-12T07:23:48.820+0000] {logging_mixin.py:190} INFO - Counting: 25
[2026-02-12T07:23:49.820+0000] {logging_mixin.py:190} INFO - Counting: 26
[2026-02-12T07:23:50.820+0000] {logging_mixin.py:190} INFO - Counting: 27
[2026-02-12T07:23:51.821+0000] {logging_mixin.py:190} INFO - Counting: 28
[2026-02-12T07:23:52.821+0000] {logging_mixin.py:190} INFO - Counting: 29
[2026-02-12T07:23:53.822+0000] {logging_mixin.py:190} INFO - Counting: 30
[2026-02-12T07:23:54.822+0000] {logging_mixin.py:190} INFO - Counting: 31
[2026-02-12T07:23:55.822+0000] {logging_mixin.py:190} INFO - Counting: 32
[2026-02-12T07:23:56.823+0000] {logging_mixin.py:190} INFO - Counting: 33
[2026-02-12T07:23:57.823+0000] {logging_mixin.py:190} INFO - Counting: 34
[2026-02-12T07:23:58.824+0000] {logging_mixin.py:190} INFO - Counting: 35
[2026-02-12T07:23:59.824+0000] {logging_mixin.py:190} INFO - Counting: 36
[2026-02-12T07:24:00.825+0000] {logging_mixin.py:190} INFO - Counting: 37
[2026-02-12T07:24:01.825+0000] {logging_mixin.py:190} INFO - Counting: 38
[2026-02-12T07:24:02.826+0000] {logging_mixin.py:190} INFO - Counting: 39
[2026-02-12T07:24:03.826+0000] {logging_mixin.py:190} INFO - Counting: 40
[2026-02-12T07:24:04.827+0000] {logging_mixin.py:190} INFO - Counting: 41
[2026-02-12T07:24:05.827+0000] {logging_mixin.py:190} INFO - Counting: 42
[2026-02-12T07:24:06.828+0000] {logging_mixin.py:190} INFO - Counting: 43
[2026-02-12T07:24:07.828+0000] {logging_mixin.py:190} INFO - Counting: 44
[2026-02-12T07:24:08.829+0000] {logging_mixin.py:190} INFO - Counting: 45
[2026-02-12T07:24:09.829+0000] {logging_mixin.py:190} INFO - Counting: 46
[2026-02-12T07:24:10.829+0000] {logging_mixin.py:190} INFO - Counting: 47
[2026-02-12T07:24:11.830+0000] {logging_mixin.py:190} INFO - Counting: 48
[2026-02-12T07:24:12.830+0000] {logging_mixin.py:190} INFO - Counting: 49
[2026-02-12T07:24:13.831+0000] {logging_mixin.py:190} INFO - Counting: 50
[2026-02-12T07:24:14.831+0000] {logging_mixin.py:190} INFO - Counting: 51
[2026-02-12T07:24:15.832+0000] {logging_mixin.py:190} INFO - Counting: 52
[2026-02-12T07:24:16.832+0000] {logging_mixin.py:190} INFO - Counting: 53
[2026-02-12T07:24:17.833+0000] {logging_mixin.py:190} INFO - Counting: 54
[2026-02-12T07:24:18.833+0000] {logging_mixin.py:190} INFO - Counting: 55
[2026-02-12T07:24:19.834+0000] {logging_mixin.py:190} INFO - Counting: 56
[2026-02-12T07:24:20.834+0000] {logging_mixin.py:190} INFO - Counting: 57
[2026-02-12T07:24:21.834+0000] {logging_mixin.py:190} INFO - Counting: 58
[2026-02-12T07:24:22.835+0000] {logging_mixin.py:190} INFO - Counting: 59
[2026-02-12T07:24:23.835+0000] {logging_mixin.py:190} INFO - Counting: 60
[2026-02-12T07:24:24.835+0000] {logging_mixin.py:190} INFO - Counting: 61
[2026-02-12T07:24:25.836+0000] {logging_mixin.py:190} INFO - Counting: 62
[2026-02-12T07:24:26.836+0000] {logging_mixin.py:190} INFO - Counting: 63
[2026-02-12T07:24:27.836+0000] {logging_mixin.py:190} INFO - Counting: 64
[2026-02-12T07:24:28.837+0000] {logging_mixin.py:190} INFO - Counting: 65
[2026-02-12T07:24:29.837+0000] {logging_mixin.py:190} INFO - Counting: 66
[2026-02-12T07:24:30.837+0000] {logging_mixin.py:190} INFO - Counting: 67
[2026-02-12T07:24:31.838+0000] {logging_mixin.py:190} INFO - Counting: 68
[2026-02-12T07:24:32.838+0000] {logging_mixin.py:190} INFO - Counting: 69
[2026-02-12T07:24:33.838+0000] {logging_mixin.py:190} INFO - Counting: 70
[2026-02-12T07:24:34.839+0000] {logging_mixin.py:190} INFO - Counting: 71
[2026-02-12T07:24:35.839+0000] {logging_mixin.py:190} INFO - Counting: 72
[2026-02-12T07:24:36.840+0000] {logging_mixin.py:190} INFO - Counting: 73
[2026-02-12T07:24:37.840+0000] {logging_mixin.py:190} INFO - Counting: 74
[2026-02-12T07:24:38.840+0000] {logging_mixin.py:190} INFO - Counting: 75
[2026-02-12T07:24:39.841+0000] {logging_mixin.py:190} INFO - Counting: 76
[2026-02-12T07:24:40.841+0000] {logging_mixin.py:190} INFO - Counting: 77
[2026-02-12T07:24:41.663+0000] {local_task_job_runner.py:245} INFO - ::endgroup::
[2026-02-12T07:24:41.677+0000] {process_utils.py:132} INFO - Sending 15 to group 219820. PIDs of all processes in the group: [219820]
[2026-02-12T07:24:41.677+0000] {process_utils.py:87} INFO - Sending the signal 15 to group 219820
[2026-02-12T07:24:41.677+0000] {process_utils.py:80} INFO - Process psutil.Process(pid=219820, status='terminated', exitcode=<Negsignal.SIGINT: -2>) (219820) terminated with exit code -2
[2026-02-12T07:24:42.948+0000] {local_task_job_runner.py:123} INFO - ::group::Pre task execution logs
[2026-02-12T07:24:42.953+0000] {taskinstance.py:2604} INFO - Dependencies not met for <TaskInstance: count_1_to_100_every_10_minutes.count_numbers scheduled__2026-02-12T07:10:00+00:00 [running]>, dependency 'Task Instance State' FAILED: Task is in the 'running' state.
[2026-02-12T07:24:42.954+0000] {taskinstance.py:2604} INFO - Dependencies not met for <TaskInstance: count_1_to_100_every_10_minutes.count_numbers scheduled__2026-02-12T07:10:00+00:00 [running]>, dependency 'Task Instance Not Running' FAILED: Task is in the running state
[2026-02-12T07:24:42.954+0000] {local_task_job_runner.py:166} INFO - Task is not able to be run
