[2026-02-12T08:03:36.393+0000] {local_task_job_runner.py:123} INFO - ::group::Pre task execution logs
[2026-02-12T08:03:36.397+0000] {taskinstance.py:2614} INFO - Dependencies all met for dep_context=non-requeueable deps ti=<TaskInstance: linkedin_get_all_jobs.run_job manual__2026-02-12T08:03:34.368293+00:00 [queued]>
[2026-02-12T08:03:36.400+0000] {taskinstance.py:2614} INFO - Dependencies all met for dep_context=requeueable deps ti=<TaskInstance: linkedin_get_all_jobs.run_job manual__2026-02-12T08:03:34.368293+00:00 [queued]>
[2026-02-12T08:03:36.400+0000] {taskinstance.py:2867} INFO - Starting attempt 1 of 3
[2026-02-12T08:03:36.418+0000] {taskinstance.py:2890} INFO - Executing <Task(_PythonDecoratedOperator): run_job> on 2026-02-12 08:03:34.368293+00:00
[2026-02-12T08:03:36.423+0000] {standard_task_runner.py:72} INFO - Started process 364729 to run task
[2026-02-12T08:03:36.425+0000] {standard_task_runner.py:104} INFO - Running: ['airflow', 'tasks', 'run', 'linkedin_get_all_jobs', 'run_job', 'manual__2026-02-12T08:03:34.368293+00:00', '--job-id', '27', '--raw', '--subdir', 'DAGS_FOLDER/get_jobs_dag.py', '--cfg-path', '/tmp/tmpkqgcsszs']
[2026-02-12T08:03:36.425+0000] {standard_task_runner.py:105} INFO - Job 27: Subtask run_job
[2026-02-12T08:03:36.456+0000] {task_command.py:467} INFO - Running <TaskInstance: linkedin_get_all_jobs.run_job manual__2026-02-12T08:03:34.368293+00:00 [running]> on host varmeta
[2026-02-12T08:03:36.509+0000] {taskinstance.py:3134} INFO - Exporting env vars: AIRFLOW_CTX_DAG_OWNER='airflow' AIRFLOW_CTX_DAG_ID='linkedin_get_all_jobs' AIRFLOW_CTX_TASK_ID='run_job' AIRFLOW_CTX_EXECUTION_DATE='2026-02-12T08:03:34.368293+00:00' AIRFLOW_CTX_TRY_NUMBER='1' AIRFLOW_CTX_DAG_RUN_ID='manual__2026-02-12T08:03:34.368293+00:00'
[2026-02-12T08:03:36.510+0000] {logging_mixin.py:190} INFO - Task instance is in running state
[2026-02-12T08:03:36.510+0000] {logging_mixin.py:190} INFO -  Previous state of the Task instance: queued
[2026-02-12T08:03:36.510+0000] {logging_mixin.py:190} INFO - Current task name:run_job state:running start_date:2026-02-12 08:03:36.397701+00:00
[2026-02-12T08:03:36.510+0000] {logging_mixin.py:190} INFO - Dag name:linkedin_get_all_jobs and current dag run status:running
[2026-02-12T08:03:36.510+0000] {taskinstance.py:732} INFO - ::endgroup::
[2026-02-12T08:03:36.570+0000] {Linkedin.py:102} INFO - Company reject key: ['Jobs for Humanity', 'ClickJobsio', 'Energy Jobline', 'RemoteWorker UK', 'Ecocareers', 'PharmiWebjobs Global Life Science Jobs', 'ClickJobs.io', 'DiverseJobsMatter', 'CareerAddict', 'Augment Jobs', 'myGwork - LGBTQ Business Community', 'Jobscentral', 'TipTopJob', 'RemoteWorker US', 'ClearanceJobs', 'UniversalJob AG', 'Jobs via eFinancialCareers']
[2026-02-12T08:03:37.325+0000] {Linkedin.py:295} INFO - Number of <li> elements found: 10
[2026-02-12T08:03:37.326+0000] {Linkedin.py:325} INFO - Number of job elements retrieved: 10
[2026-02-12T08:03:48.780+0000] {Linkedin.py:295} INFO - Number of <li> elements found: 10
[2026-02-12T08:03:48.782+0000] {Linkedin.py:325} INFO - Number of job elements retrieved: 10
[2026-02-12T08:03:59.210+0000] {Linkedin.py:295} INFO - Number of <li> elements found: 10
[2026-02-12T08:03:59.211+0000] {Linkedin.py:325} INFO - Number of job elements retrieved: 10
[2026-02-12T08:04:05.937+0000] {Linkedin.py:295} INFO - Number of <li> elements found: 10
[2026-02-12T08:04:05.939+0000] {Linkedin.py:325} INFO - Number of job elements retrieved: 10
[2026-02-12T08:04:15.554+0000] {Linkedin.py:295} INFO - Number of <li> elements found: 10
[2026-02-12T08:04:15.555+0000] {Linkedin.py:325} INFO - Number of job elements retrieved: 10
[2026-02-12T08:04:27.810+0000] {Linkedin.py:437} INFO - Keyword: AI, Location: San Francisco Bay Area, Start: 50, Len: 10
[2026-02-12T08:04:28.782+0000] {Linkedin.py:295} INFO - Number of <li> elements found: 10
[2026-02-12T08:04:28.784+0000] {Linkedin.py:325} INFO - Number of job elements retrieved: 10
[2026-02-12T08:04:35.790+0000] {Linkedin.py:295} INFO - Number of <li> elements found: 10
[2026-02-12T08:04:35.791+0000] {Linkedin.py:325} INFO - Number of job elements retrieved: 10
[2026-02-12T08:04:40.511+0000] {Linkedin.py:295} INFO - Number of <li> elements found: 10
[2026-02-12T08:04:40.512+0000] {Linkedin.py:325} INFO - Number of job elements retrieved: 10
[2026-02-12T08:04:45.083+0000] {Linkedin.py:295} INFO - Number of <li> elements found: 10
[2026-02-12T08:04:45.084+0000] {Linkedin.py:325} INFO - Number of job elements retrieved: 10
[2026-02-12T08:04:51.656+0000] {Linkedin.py:295} INFO - Number of <li> elements found: 10
[2026-02-12T08:04:51.658+0000] {Linkedin.py:325} INFO - Number of job elements retrieved: 10
[2026-02-12T08:04:56.374+0000] {Linkedin.py:437} INFO - Keyword: AI, Location: Ho Chi Minh City Metropolitan Area, Start: 50, Len: 10
[2026-02-12T08:04:57.259+0000] {Linkedin.py:295} INFO - Number of <li> elements found: 10
[2026-02-12T08:04:57.261+0000] {Linkedin.py:325} INFO - Number of job elements retrieved: 10
[2026-02-12T08:05:01.497+0000] {Linkedin.py:295} INFO - Number of <li> elements found: 10
[2026-02-12T08:05:01.499+0000] {Linkedin.py:325} INFO - Number of job elements retrieved: 10
[2026-02-12T08:05:07.696+0000] {Linkedin.py:295} INFO - Number of <li> elements found: 10
[2026-02-12T08:05:07.697+0000] {Linkedin.py:325} INFO - Number of job elements retrieved: 10
[2026-02-12T08:05:15.371+0000] {Linkedin.py:295} INFO - Number of <li> elements found: 3
[2026-02-12T08:05:15.372+0000] {Linkedin.py:325} INFO - Number of job elements retrieved: 3
[2026-02-12T08:05:17.242+0000] {Linkedin.py:286} WARNING - Empty or suspicious response body | URL: https://www.linkedin.com/jobs-guest/jobs/api/seeMoreJobPostings/search?f_TPR=r86400&keywords=Blockchain&location=San Francisco Bay Area&origin=JOB_SEARCH_PAGE_SEARCH_BUTTON&refresh=true&position=1&pageNum=0&start=33
[2026-02-12T08:05:19.941+0000] {Linkedin.py:286} WARNING - Empty or suspicious response body | URL: https://www.linkedin.com/jobs-guest/jobs/api/seeMoreJobPostings/search?f_TPR=r86400&keywords=Blockchain&location=San Francisco Bay Area&origin=JOB_SEARCH_PAGE_SEARCH_BUTTON&refresh=true&position=1&pageNum=0&start=33
[2026-02-12T08:05:24.064+0000] {Linkedin.py:286} WARNING - Empty or suspicious response body | URL: https://www.linkedin.com/jobs-guest/jobs/api/seeMoreJobPostings/search?f_TPR=r86400&keywords=Blockchain&location=San Francisco Bay Area&origin=JOB_SEARCH_PAGE_SEARCH_BUTTON&refresh=true&position=1&pageNum=0&start=33
[2026-02-12T08:05:27.040+0000] {Linkedin.py:286} WARNING - Empty or suspicious response body | URL: https://www.linkedin.com/jobs-guest/jobs/api/seeMoreJobPostings/search?f_TPR=r86400&keywords=Blockchain&location=San Francisco Bay Area&origin=JOB_SEARCH_PAGE_SEARCH_BUTTON&refresh=true&position=1&pageNum=0&start=33
[2026-02-12T08:05:31.727+0000] {Linkedin.py:286} WARNING - Empty or suspicious response body | URL: https://www.linkedin.com/jobs-guest/jobs/api/seeMoreJobPostings/search?f_TPR=r86400&keywords=Blockchain&location=San Francisco Bay Area&origin=JOB_SEARCH_PAGE_SEARCH_BUTTON&refresh=true&position=1&pageNum=0&start=33
[2026-02-12T08:05:35.799+0000] {Linkedin.py:325} INFO - Number of job elements retrieved: 0
[2026-02-12T08:05:35.801+0000] {Linkedin.py:437} INFO - Keyword: Blockchain, Location: San Francisco Bay Area, Start: 33, Len: 0
[2026-02-12T08:05:36.451+0000] {Linkedin.py:295} INFO - Number of <li> elements found: 10
[2026-02-12T08:05:36.452+0000] {Linkedin.py:325} INFO - Number of job elements retrieved: 10
[2026-02-12T08:05:37.017+0000] {Linkedin.py:295} INFO - Number of <li> elements found: 2
[2026-02-12T08:05:37.018+0000] {Linkedin.py:325} INFO - Number of job elements retrieved: 2
[2026-02-12T08:05:37.450+0000] {Linkedin.py:286} WARNING - Empty or suspicious response body | URL: https://www.linkedin.com/jobs-guest/jobs/api/seeMoreJobPostings/search?f_TPR=r86400&keywords=web3&location=San Francisco Bay Area&origin=JOB_SEARCH_PAGE_SEARCH_BUTTON&refresh=true&position=1&pageNum=0&start=12
[2026-02-12T08:05:39.891+0000] {Linkedin.py:286} WARNING - Empty or suspicious response body | URL: https://www.linkedin.com/jobs-guest/jobs/api/seeMoreJobPostings/search?f_TPR=r86400&keywords=web3&location=San Francisco Bay Area&origin=JOB_SEARCH_PAGE_SEARCH_BUTTON&refresh=true&position=1&pageNum=0&start=12
[2026-02-12T08:05:43.817+0000] {Linkedin.py:286} WARNING - Empty or suspicious response body | URL: https://www.linkedin.com/jobs-guest/jobs/api/seeMoreJobPostings/search?f_TPR=r86400&keywords=web3&location=San Francisco Bay Area&origin=JOB_SEARCH_PAGE_SEARCH_BUTTON&refresh=true&position=1&pageNum=0&start=12
[2026-02-12T08:05:46.854+0000] {Linkedin.py:286} WARNING - Empty or suspicious response body | URL: https://www.linkedin.com/jobs-guest/jobs/api/seeMoreJobPostings/search?f_TPR=r86400&keywords=web3&location=San Francisco Bay Area&origin=JOB_SEARCH_PAGE_SEARCH_BUTTON&refresh=true&position=1&pageNum=0&start=12
[2026-02-12T08:05:52.179+0000] {Linkedin.py:286} WARNING - Empty or suspicious response body | URL: https://www.linkedin.com/jobs-guest/jobs/api/seeMoreJobPostings/search?f_TPR=r86400&keywords=web3&location=San Francisco Bay Area&origin=JOB_SEARCH_PAGE_SEARCH_BUTTON&refresh=true&position=1&pageNum=0&start=12
[2026-02-12T08:05:54.436+0000] {Linkedin.py:325} INFO - Number of job elements retrieved: 0
[2026-02-12T08:05:54.438+0000] {Linkedin.py:453} INFO - Keyword: web3, Location: San Francisco Bay Area, Start: 12, Len: 0
[2026-02-12T08:05:54.994+0000] {Linkedin.py:295} INFO - Number of <li> elements found: 3
[2026-02-12T08:05:54.995+0000] {Linkedin.py:325} INFO - Number of job elements retrieved: 3
[2026-02-12T08:05:55.512+0000] {Linkedin.py:286} WARNING - Empty or suspicious response body | URL: https://www.linkedin.com/jobs-guest/jobs/api/seeMoreJobPostings/search?f_TPR=r86400&keywords=Blockchain&location=Ho Chi Minh City Metropolitan Area&origin=JOB_SEARCH_PAGE_SEARCH_BUTTON&refresh=true&position=1&pageNum=0&start=3
[2026-02-12T08:05:59.638+0000] {Linkedin.py:286} WARNING - Empty or suspicious response body | URL: https://www.linkedin.com/jobs-guest/jobs/api/seeMoreJobPostings/search?f_TPR=r86400&keywords=Blockchain&location=Ho Chi Minh City Metropolitan Area&origin=JOB_SEARCH_PAGE_SEARCH_BUTTON&refresh=true&position=1&pageNum=0&start=3
[2026-02-12T08:06:03.595+0000] {Linkedin.py:286} WARNING - Empty or suspicious response body | URL: https://www.linkedin.com/jobs-guest/jobs/api/seeMoreJobPostings/search?f_TPR=r86400&keywords=Blockchain&location=Ho Chi Minh City Metropolitan Area&origin=JOB_SEARCH_PAGE_SEARCH_BUTTON&refresh=true&position=1&pageNum=0&start=3
[2026-02-12T08:06:07.823+0000] {Linkedin.py:286} WARNING - Empty or suspicious response body | URL: https://www.linkedin.com/jobs-guest/jobs/api/seeMoreJobPostings/search?f_TPR=r86400&keywords=Blockchain&location=Ho Chi Minh City Metropolitan Area&origin=JOB_SEARCH_PAGE_SEARCH_BUTTON&refresh=true&position=1&pageNum=0&start=3
[2026-02-12T08:06:12.174+0000] {Linkedin.py:286} WARNING - Empty or suspicious response body | URL: https://www.linkedin.com/jobs-guest/jobs/api/seeMoreJobPostings/search?f_TPR=r86400&keywords=Blockchain&location=Ho Chi Minh City Metropolitan Area&origin=JOB_SEARCH_PAGE_SEARCH_BUTTON&refresh=true&position=1&pageNum=0&start=3
[2026-02-12T08:06:15.113+0000] {Linkedin.py:325} INFO - Number of job elements retrieved: 0
[2026-02-12T08:06:15.115+0000] {Linkedin.py:437} INFO - Keyword: Blockchain, Location: Ho Chi Minh City Metropolitan Area, Start: 3, Len: 0
[2026-02-12T08:06:15.660+0000] {Linkedin.py:295} INFO - Number of <li> elements found: 3
[2026-02-12T08:06:15.661+0000] {Linkedin.py:325} INFO - Number of job elements retrieved: 3
[2026-02-12T08:06:16.197+0000] {Linkedin.py:286} WARNING - Empty or suspicious response body | URL: https://www.linkedin.com/jobs-guest/jobs/api/seeMoreJobPostings/search?f_TPR=r86400&keywords=web3&location=Ho Chi Minh City Metropolitan Area&origin=JOB_SEARCH_PAGE_SEARCH_BUTTON&refresh=true&position=1&pageNum=0&start=3
[2026-02-12T08:06:18.881+0000] {Linkedin.py:286} WARNING - Empty or suspicious response body | URL: https://www.linkedin.com/jobs-guest/jobs/api/seeMoreJobPostings/search?f_TPR=r86400&keywords=web3&location=Ho Chi Minh City Metropolitan Area&origin=JOB_SEARCH_PAGE_SEARCH_BUTTON&refresh=true&position=1&pageNum=0&start=3
[2026-02-12T08:06:24.064+0000] {Linkedin.py:286} WARNING - Empty or suspicious response body | URL: https://www.linkedin.com/jobs-guest/jobs/api/seeMoreJobPostings/search?f_TPR=r86400&keywords=web3&location=Ho Chi Minh City Metropolitan Area&origin=JOB_SEARCH_PAGE_SEARCH_BUTTON&refresh=true&position=1&pageNum=0&start=3
[2026-02-12T08:06:28.330+0000] {Linkedin.py:286} WARNING - Empty or suspicious response body | URL: https://www.linkedin.com/jobs-guest/jobs/api/seeMoreJobPostings/search?f_TPR=r86400&keywords=web3&location=Ho Chi Minh City Metropolitan Area&origin=JOB_SEARCH_PAGE_SEARCH_BUTTON&refresh=true&position=1&pageNum=0&start=3
[2026-02-12T08:06:31.786+0000] {Linkedin.py:286} WARNING - Empty or suspicious response body | URL: https://www.linkedin.com/jobs-guest/jobs/api/seeMoreJobPostings/search?f_TPR=r86400&keywords=web3&location=Ho Chi Minh City Metropolitan Area&origin=JOB_SEARCH_PAGE_SEARCH_BUTTON&refresh=true&position=1&pageNum=0&start=3
[2026-02-12T08:06:36.698+0000] {Linkedin.py:325} INFO - Number of job elements retrieved: 0
[2026-02-12T08:06:36.700+0000] {Linkedin.py:453} INFO - Keyword: web3, Location: Ho Chi Minh City Metropolitan Area, Start: 3, Len: 0
[2026-02-12T08:06:36.701+0000] {python.py:240} INFO - Done. Returned value was: None
[2026-02-12T08:06:36.703+0000] {taskinstance.py:341} INFO - ::group::Post task execution logs
[2026-02-12T08:06:36.704+0000] {taskinstance.py:353} INFO - Marking task as SUCCESS. dag_id=linkedin_get_all_jobs, task_id=run_job, run_id=manual__2026-02-12T08:03:34.368293+00:00, execution_date=20260212T080334, start_date=20260212T080336, end_date=20260212T080636
[2026-02-12T08:06:36.729+0000] {logging_mixin.py:190} INFO - Task instance in success state
[2026-02-12T08:06:36.729+0000] {logging_mixin.py:190} INFO -  Previous state of the Task instance: running
[2026-02-12T08:06:36.729+0000] {logging_mixin.py:190} INFO - Dag name:linkedin_get_all_jobs queued_at:2026-02-12 08:03:34.392437+00:00
[2026-02-12T08:06:36.729+0000] {logging_mixin.py:190} INFO - Task hostname:varmeta operator:_PythonDecoratedOperator
[2026-02-12T08:06:36.743+0000] {local_task_job_runner.py:266} INFO - Task exited with return code 0
[2026-02-12T08:06:36.748+0000] {taskinstance.py:3901} INFO - 0 downstream tasks scheduled from follow-on schedule check
[2026-02-12T08:06:36.748+0000] {local_task_job_runner.py:245} INFO - ::endgroup::
